<?xml version="1.0" encoding="UTF-8"?>
<!-- Generated by org.testng.reporters.JUnitReportReporter -->
<testsuite hostname="DESKTOP-DK52L2S" failures="0" tests="1" name="com.demo.testCases.TC_LoginTest_001" time="4.924" errors="0" timestamp="2022-08-09T09:41:37 PKT" skipped="0">
  <testcase classname="com.demo.testCases.TC_LoginTest_001" name="loginTest" time="4.924"/>
  <system-out/>
</testsuite> <!-- com.demo.testCases.TC_LoginTest_001 -->
