<?xml version="1.0" encoding="UTF-8"?>
<!-- Generated by org.testng.reporters.JUnitReportReporter -->
<testsuite hostname="DESKTOP-DK52L2S" failures="0" tests="1" name="com.demo.testCases.TC_LoginTest_001" time="7.986" errors="0" timestamp="2022-08-10T01:34:03 PKT" skipped="0">
  <testcase classname="com.demo.testCases.TC_LoginTest_001" name="loginTest" time="7.986"/>
  <system-out/>
</testsuite> <!-- com.demo.testCases.TC_LoginTest_001 -->
